<?xml version="1.0" encoding="UTF-8"?>
<!-- Generated by org.testng.reporters.JUnitReportReporter -->
<testsuite skipped="0" hostname="DESKTOP-VI2VMJ7" name="com.training.sanity.tests.FilterProductList" tests="2" failures="0" timestamp="2020-08-18T22:48:25 CDT" time="30.277" errors="0">
  <testcase name="f" time="12.075" classname="com.training.sanity.tests.FilterProductList"/>
  <system-out/>
  <testcase name="ProductList" time="18.202" classname="com.training.sanity.tests.FilterProductList"/>
  <system-out/>
</testsuite> <!-- com.training.sanity.tests.FilterProductList -->
