<?xml version="1.0" encoding="UTF-8"?>
<!-- Generated by org.testng.reporters.JUnitReportReporter -->
<testsuite skipped="0" hostname="DESKTOP-VI2VMJ7" name="com.training.sanity.tests.SalesReportFilter" tests="1" failures="0" timestamp="2020-08-20T21:05:54 CDT" time="13.595" errors="0">
  <testcase name="ProductList" time="13.595" classname="com.training.sanity.tests.SalesReportFilter"/>
  <system-out/>
</testsuite> <!-- com.training.sanity.tests.SalesReportFilter -->
