<?xml version="1.0" encoding="UTF-8"?>
<!-- Generated by org.testng.reporters.JUnitReportReporter -->
<testsuite skipped="0" hostname="DESKTOP-VI2VMJ7" name="com.training.sanity.tests.deleteProductsFromList" tests="1" failures="0" timestamp="2020-08-20T22:39:46 CDT" time="14.469" errors="0">
  <testcase name="ProductList" time="14.469" classname="com.training.sanity.tests.deleteProductsFromList"/>
  <system-out/>
</testsuite> <!-- com.training.sanity.tests.deleteProductsFromList -->
